2025-11-17 21:24:05,856 INFO    MainThread:23300 [wandb_setup.py:_flush():81] Current SDK version is 0.22.2
2025-11-17 21:24:05,857 INFO    MainThread:23300 [wandb_setup.py:_flush():81] Configure stats pid to 23300
2025-11-17 21:24:05,857 INFO    MainThread:23300 [wandb_setup.py:_flush():81] Loading settings from /Users/ngocbao/.config/wandb/settings
2025-11-17 21:24:05,857 INFO    MainThread:23300 [wandb_setup.py:_flush():81] Loading settings from /Users/ngocbao/Documents/Document/Season5/NLP/code/Machine Translation/src/wandb/settings
2025-11-17 21:24:05,857 INFO    MainThread:23300 [wandb_setup.py:_flush():81] Loading settings from environment variables
2025-11-17 21:24:05,857 INFO    MainThread:23300 [wandb_init.py:setup_run_log_directory():705] Logging user logs to /Users/ngocbao/Documents/Document/Season5/NLP/code/Machine Translation/src/wandb/run-20251117_212405-omka6pa1/logs/debug.log
2025-11-17 21:24:05,857 INFO    MainThread:23300 [wandb_init.py:setup_run_log_directory():706] Logging internal logs to /Users/ngocbao/Documents/Document/Season5/NLP/code/Machine Translation/src/wandb/run-20251117_212405-omka6pa1/logs/debug-internal.log
2025-11-17 21:24:05,857 INFO    MainThread:23300 [wandb_init.py:monkeypatch_ipython():624] configuring jupyter hooks <wandb.sdk.wandb_init._WandbInit object at 0x31f6f1970>
2025-11-17 21:24:05,857 INFO    MainThread:23300 [wandb_init.py:init():832] calling init triggers
2025-11-17 21:24:05,857 INFO    MainThread:23300 [wandb_init.py:init():837] wandb.init called with sweep_config: {}
config: {'lr': 0.0003, 'epochs': 20, 'patience': 5, 'run_name': 'transformer_mt_run', 'save_dir': './checkpoints', 'use_wandb': True, '_wandb': {}}
2025-11-17 21:24:05,857 INFO    MainThread:23300 [wandb_init.py:init():880] starting backend
2025-11-17 21:24:06,285 INFO    MainThread:23300 [wandb_init.py:init():883] sending inform_init request
2025-11-17 21:24:06,307 INFO    MainThread:23300 [wandb_init.py:init():891] backend started and connected
2025-11-17 21:24:06,313 INFO    MainThread:23300 [wandb_run.py:_label_probe_notebook():1330] probe notebook
2025-11-17 21:24:06,313 INFO    MainThread:23300 [wandb_init.py:init():961] updated telemetry
2025-11-17 21:24:06,347 INFO    MainThread:23300 [wandb_init.py:init():985] communicating run to backend with 90.0 second timeout
2025-11-17 21:24:07,759 INFO    MainThread:23300 [wandb_init.py:init():1036] starting run threads in backend
2025-11-17 21:24:07,921 INFO    MainThread:23300 [wandb_run.py:_console_start():2509] atexit reg
2025-11-17 21:24:07,921 INFO    MainThread:23300 [wandb_run.py:_redirect():2357] redirect: wrap_raw
2025-11-17 21:24:07,922 INFO    MainThread:23300 [wandb_run.py:_redirect():2426] Wrapping output streams.
2025-11-17 21:24:07,922 INFO    MainThread:23300 [wandb_run.py:_redirect():2449] Redirects installed.
2025-11-17 21:24:07,924 INFO    MainThread:23300 [wandb_init.py:init():1076] run started, returning control to user process
2025-11-17 21:24:07,924 INFO    MainThread:23300 [wandb_watch.py:_watch():68] Watching
2025-11-17 21:25:39,619 INFO    wandb-AsyncioManager-main:23300 [service_client.py:_forward_responses():80] Reached EOF.
2025-11-17 21:25:39,619 INFO    wandb-AsyncioManager-main:23300 [mailbox.py:close():137] Closing mailbox, abandoning 1 handles.
2025-11-17 21:25:39,744 INFO    MainThread:23300 [wandb_init.py:_post_run_cell_hook():594] [no run ID] resuming backend
2025-11-17 21:25:39,745 ERROR   MainThread:23300 [redirect.py:_on_write():664] [all runs] error in stdout callback
Traceback (most recent call last):
  File "/Users/ngocbao/.local/lib/python3.12/site-packages/IPython/core/events.py", line 82, in trigger
    func(*args, **kwargs)
  File "/opt/anaconda3/envs/nlp/lib/python3.12/site-packages/wandb/sdk/wandb_init.py", line 595, in _post_run_cell_hook
    self.backend.interface.publish_resume()
  File "/opt/anaconda3/envs/nlp/lib/python3.12/site-packages/wandb/sdk/interface/interface.py", line 818, in publish_resume
    self._publish_resume(resume)
  File "/opt/anaconda3/envs/nlp/lib/python3.12/site-packages/wandb/sdk/interface/interface_shared.py", line 296, in _publish_resume
    self._publish(rec)
  File "/opt/anaconda3/envs/nlp/lib/python3.12/site-packages/wandb/sdk/interface/interface_sock.py", line 43, in _publish
    self._asyncer.run(lambda: self._client.publish(request))
  File "/opt/anaconda3/envs/nlp/lib/python3.12/site-packages/wandb/sdk/lib/asyncio_manager.py", line 136, in run
    return future.result()
           ^^^^^^^^^^^^^^^
  File "/opt/anaconda3/envs/nlp/lib/python3.12/concurrent/futures/_base.py", line 456, in result
    return self.__get_result()
           ^^^^^^^^^^^^^^^^^^^
  File "/opt/anaconda3/envs/nlp/lib/python3.12/concurrent/futures/_base.py", line 401, in __get_result
    raise self._exception
  File "/opt/anaconda3/envs/nlp/lib/python3.12/site-packages/wandb/sdk/lib/asyncio_manager.py", line 219, in _wrap
    return await fn()
           ^^^^^^^^^^
  File "/opt/anaconda3/envs/nlp/lib/python3.12/site-packages/wandb/sdk/lib/service/service_client.py", line 38, in publish
    await self._send_server_request(request)
  File "/opt/anaconda3/envs/nlp/lib/python3.12/site-packages/wandb/sdk/lib/service/service_client.py", line 64, in _send_server_request
    await self._writer.drain()
  File "/opt/anaconda3/envs/nlp/lib/python3.12/asyncio/streams.py", line 392, in drain
    await self._protocol._drain_helper()
  File "/opt/anaconda3/envs/nlp/lib/python3.12/asyncio/streams.py", line 166, in _drain_helper
    raise ConnectionResetError('Connection lost')
ConnectionResetError: Connection lost

During handling of the above exception, another exception occurred:

Traceback (most recent call last):
  File "/opt/anaconda3/envs/nlp/lib/python3.12/site-packages/wandb/sdk/lib/redirect.py", line 662, in _on_write
    cb(written_data)
  File "/opt/anaconda3/envs/nlp/lib/python3.12/site-packages/wandb/sdk/wandb_run.py", line 2430, in <lambda>
    lambda data: self._console_raw_callback("stdout", data),
                 ^^^^^^^^^^^^^^^^^^^^^^^^^^^^^^^^^^^^^^^^^^
  File "/opt/anaconda3/envs/nlp/lib/python3.12/site-packages/wandb/sdk/wandb_run.py", line 399, in wrapper
    return func(self, *args, **kwargs)
           ^^^^^^^^^^^^^^^^^^^^^^^^^^^
  File "/opt/anaconda3/envs/nlp/lib/python3.12/site-packages/wandb/sdk/wandb_run.py", line 457, in wrapper_fn
    return func(self, *args, **kwargs)
           ^^^^^^^^^^^^^^^^^^^^^^^^^^^
  File "/opt/anaconda3/envs/nlp/lib/python3.12/site-packages/wandb/sdk/wandb_run.py", line 1595, in _console_raw_callback
    self._backend.interface.publish_output_raw(name, data)
  File "/opt/anaconda3/envs/nlp/lib/python3.12/site-packages/wandb/sdk/interface/interface.py", line 802, in publish_output_raw
    self._publish_output_raw(o)
  File "/opt/anaconda3/envs/nlp/lib/python3.12/site-packages/wandb/sdk/interface/interface_shared.py", line 37, in _publish_output_raw
    self._publish(rec)
  File "/opt/anaconda3/envs/nlp/lib/python3.12/site-packages/wandb/sdk/interface/interface_sock.py", line 43, in _publish
    self._asyncer.run(lambda: self._client.publish(request))
  File "/opt/anaconda3/envs/nlp/lib/python3.12/site-packages/wandb/sdk/lib/asyncio_manager.py", line 136, in run
    return future.result()
           ^^^^^^^^^^^^^^^
  File "/opt/anaconda3/envs/nlp/lib/python3.12/concurrent/futures/_base.py", line 456, in result
    return self.__get_result()
           ^^^^^^^^^^^^^^^^^^^
  File "/opt/anaconda3/envs/nlp/lib/python3.12/concurrent/futures/_base.py", line 401, in __get_result
    raise self._exception
  File "/opt/anaconda3/envs/nlp/lib/python3.12/site-packages/wandb/sdk/lib/asyncio_manager.py", line 219, in _wrap
    return await fn()
           ^^^^^^^^^^
  File "/opt/anaconda3/envs/nlp/lib/python3.12/site-packages/wandb/sdk/lib/service/service_client.py", line 38, in publish
    await self._send_server_request(request)
  File "/opt/anaconda3/envs/nlp/lib/python3.12/site-packages/wandb/sdk/lib/service/service_client.py", line 64, in _send_server_request
    await self._writer.drain()
  File "/opt/anaconda3/envs/nlp/lib/python3.12/asyncio/streams.py", line 380, in drain
    raise exc
  File "/opt/anaconda3/envs/nlp/lib/python3.12/asyncio/selector_events.py", line 1075, in write
    n = self._sock.send(data)
        ^^^^^^^^^^^^^^^^^^^^^
BrokenPipeError: [Errno 32] Broken pipe
